<?xml version="1.0" encoding="UTF-8"?>
<testsuite name="test1"
           tests="5"
           failures="0"
           errors="0"
           skipped="0"
           time="26.449">
    <properties></properties>



            <testcase
                name="clickAccount"
                time="0.862"
                classname="Testcases.RegistrationPageTest">
            </testcase>
            <testcase
                name="registerNewUser"
                time="13.196"
                classname="Testcases.RegistrationPageTest">
            </testcase>
            <testcase
                name="invalidLogin"
                time="8.486"
                classname="Testcases.RegistrationPageTest">
            </testcase>
            <testcase
                name="leaveBlank"
                time="0.111"
                classname="Testcases.RegistrationPageTest">
            </testcase>
            <testcase
                name="invalidpassword"
                time="3.794"
                classname="Testcases.RegistrationPageTest">
            </testcase>
</testsuite>
