<?xml version="1.0" encoding="UTF-8"?>
<testsuite name="test3"
           tests="2"
           failures="0"
           errors="0"
           skipped="0"
           time="11.036">
    <properties></properties>



            <testcase
                name="blankSearch"
                time="0.104"
                classname="Testcases.SearchProductPageTest">
            </testcase>
            <testcase
                name="searchForProduct"
                time="10.932"
                classname="Testcases.SearchProductPageTest">
            </testcase>
</testsuite>
