<?xml version="1.0" encoding="UTF-8"?>
<testsuite name="Gurung_Dhiraj_AlexandNova_CaseStudy"
           tests="2"
           failures="0"
           errors="0"
           skipped="0"
           time="55.382">
    <properties></properties>



            <testcase
                name="givepaymentoption"
                time="25.517"
                classname="Testcases.CheckOutTest">
            </testcase>
            <testcase
                name="filloutpayment"
                time="29.865"
                classname="Testcases.CheckOutTest">
            </testcase>
</testsuite>
