<?xml version="1.0" encoding="UTF-8"?>
<testsuite name="Gurung_Dhiraj_AlexandNova_CaseStudy"
           tests="2"
           failures="0"
           errors="0"
           skipped="0"
           time="40.801">
    <properties></properties>



            <testcase
                name="givepaymentoption"
                time="17.912"
                classname="Testcases.CheckOutTest">
            </testcase>
            <testcase
                name="filloutpayment"
                time="22.889"
                classname="Testcases.CheckOutTest">
            </testcase>
</testsuite>
