<?xml version="1.0" encoding="UTF-8"?>
<testsuite name="Gurung_Dhiraj_AlexandNova_CaseStudy"
           tests="6"
           failures="0"
           errors="0"
           skipped="0"
           time="52.230">
    <properties></properties>



            <testcase
                name="changetoZero"
                time="13.796"
                classname="Testcases.AddToCartTest">
            </testcase>
            <testcase
                name="addProductToCart"
                time="5.413"
                classname="Testcases.AddToCartTest">
            </testcase>
            <testcase
                name="verifyProductPrices"
                time="5.120"
                classname="Testcases.AddToCartTest">
            </testcase>
            <testcase
                name="pressQuantiy"
                time="5.223"
                classname="Testcases.AddToCartTest">
            </testcase>
            <testcase
                name="refreshpage"
                time="15.306"
                classname="Testcases.AddToCartTest">
            </testcase>
            <testcase
                name="quantityChange"
                time="7.372"
                classname="Testcases.AddToCartTest">
            </testcase>
</testsuite>
